<?xml version="1.0" encoding="utf-8"?><testsuites name="pytest tests"><testsuite name="pytest" errors="0" failures="0" skipped="0" tests="30" time="5.583" timestamp="2026-03-10T16:33:50.737254+00:00" hostname="agent-env-fca862cd-ae63-4d8c-9481-14287800b752"><testcase classname="tests.test_phase1_api.TestAuth" name="test_api_root" time="0.347" /><testcase classname="tests.test_phase1_api.TestAuth" name="test_demo_user_login" time="0.303" /><testcase classname="tests.test_phase1_api.TestPhase1Tracks" name="test_get_all_tracks" time="0.442" /><testcase classname="tests.test_phase1_api.TestPhase1Tracks" name="test_track_1_has_6_modules" time="0.084" /><testcase classname="tests.test_phase1_api.TestPhase1Tracks" name="test_track_2_has_6_modules" time="0.064" /><testcase classname="tests.test_phase1_api.TestPhase1Tracks" name="test_all_tracks_have_6_modules" time="0.460" /><testcase classname="tests.test_phase1_api.TestPhase1Tracks" name="test_track_1_module_has_video_url" time="0.052" /><testcase classname="tests.test_phase1_api.TestPhase1Tracks" name="test_modules_have_key_move" time="0.055" /><testcase classname="tests.test_phase1_api.TestDealBreakdowns" name="test_get_all_breakdowns" time="0.442" /><testcase classname="tests.test_phase1_api.TestDealBreakdowns" name="test_breakdowns_have_required_fields" time="0.063" /><testcase classname="tests.test_phase1_api.TestDealBreakdowns" name="test_breakdowns_have_tags" time="0.064" /><testcase classname="tests.test_phase1_api.TestDealBreakdowns" name="test_get_single_breakdown" time="0.054" /><testcase classname="tests.test_phase1_api.TestQuickWins" name="test_get_all_quickwins" time="0.481" /><testcase classname="tests.test_phase1_api.TestQuickWins" name="test_quickwins_have_required_fields" time="0.055" /><testcase classname="tests.test_phase1_api.TestQuickWins" name="test_quickwins_have_tags" time="0.052" /><testcase classname="tests.test_phase1_api.TestQuickWins" name="test_quickwins_filter_by_tag" time="0.052" /><testcase classname="tests.test_phase1_api.TestQuickWins" name="test_get_single_quickwin" time="0.059" /><testcase classname="tests.test_phase1_api.TestProgressAndCompletion" name="test_get_progress" time="0.403" /><testcase classname="tests.test_phase1_api.TestProgressAndCompletion" name="test_progress_has_tracks_progress" time="0.056" /><testcase classname="tests.test_phase1_api.TestProgressAndCompletion" name="test_mark_module_complete" time="0.063" /><testcase classname="tests.test_phase1_api.TestProgressAndCompletion" name="test_mark_breakdown_reviewed" time="0.060" /><testcase classname="tests.test_phase1_api.TestProgressAndCompletion" name="test_mark_quickwin_applied" time="0.071" /><testcase classname="tests.test_phase1_api.TestProgressAndCompletion" name="test_readiness_score_calculation" time="0.064" /><testcase classname="tests.test_phase1_api.TestBadges" name="test_get_all_badges" time="0.402" /><testcase classname="tests.test_phase1_api.TestBadges" name="test_badges_have_criteria" time="0.057" /><testcase classname="tests.test_phase1_api.TestBadges" name="test_badge_criteria_types" time="0.075" /><testcase classname="tests.test_phase1_api.TestBookmarks" name="test_create_bookmark" time="0.428" /><testcase classname="tests.test_phase1_api.TestBookmarks" name="test_get_bookmarks" time="0.064" /><testcase classname="tests.test_phase1_api.TestBookmarks" name="test_delete_bookmark" time="0.121" /><testcase classname="tests.test_phase1_api.TestStages" name="test_get_all_stages" time="0.447" /></testsuite></testsuites>